<?xml version="1.0" encoding="UTF-8"?>
<robot generator="Robot 6.1.1 (Python 3.10.12 on linux)" generated="20231116 20:52:35.114" rpa="false" schemaversion="4">
<suite id="s1" name="Tests" source="/home/juhaleik/opisk/ohjelmistotuotanto/ohtu-s23/viikko3/web-login/src/tests">
<suite id="s1-s1" name="Home" source="/home/juhaleik/opisk/ohjelmistotuotanto/ohtu-s23/viikko3/web-login/src/tests/home.robot">
<kw name="Open And Configure Browser" library="resource" type="SETUP">
<kw name="Evaluate" library="BuiltIn">
<var>${options}</var>
<arg>sys.modules['selenium.webdriver'].ChromeOptions()</arg>
<arg>sys</arg>
<doc>Evaluates the given expression in Python and returns the result.</doc>
<msg timestamp="20231116 20:52:35.219" level="INFO">${options} = &lt;selenium.webdriver.chrome.options.Options object at 0x7fc9764e99f0&gt;</msg>
<status status="PASS" starttime="20231116 20:52:35.219" endtime="20231116 20:52:35.219"/>
</kw>
<kw name="Call Method" library="BuiltIn">
<arg>${options}</arg>
<arg>add_argument</arg>
<arg>--no-sandbox</arg>
<doc>Calls the named method of the given object with the provided arguments.</doc>
<status status="PASS" starttime="20231116 20:52:35.219" endtime="20231116 20:52:35.219"/>
</kw>
<kw name="Open Browser" library="SeleniumLibrary">
<arg>browser=chrome</arg>
<arg>options=${options}</arg>
<doc>Opens a new browser instance to the optional ``url``.</doc>
<msg timestamp="20231116 20:52:35.220" level="INFO">Opening browser 'chrome' to base url 'None'.</msg>
<status status="PASS" starttime="20231116 20:52:35.219" endtime="20231116 20:52:36.105"/>
</kw>
<kw name="Set Selenium Speed" library="SeleniumLibrary">
<arg>${DELAY}</arg>
<doc>Sets the delay that is waited after each Selenium command.</doc>
<status status="PASS" starttime="20231116 20:52:36.105" endtime="20231116 20:52:36.106"/>
</kw>
<kw name="Set Window Size" library="SeleniumLibrary">
<arg>width=500</arg>
<arg>height=500</arg>
<doc>Sets current windows size to given ``width`` and ``height``.</doc>
<status status="PASS" starttime="20231116 20:52:36.106" endtime="20231116 20:52:36.744"/>
</kw>
<status status="PASS" starttime="20231116 20:52:35.219" endtime="20231116 20:52:36.744"/>
</kw>
<test id="s1-s1-t1" name="Click Login Link" line="8">
<kw name="Go To Starting Page" library="resource" type="SETUP">
<kw name="Go To" library="SeleniumLibrary">
<arg>${HOME_URL}</arg>
<doc>Navigates the current browser window to the provided ``url``.</doc>
<msg timestamp="20231116 20:52:36.746" level="INFO">Opening url 'http://localhost:5001'</msg>
<status status="PASS" starttime="20231116 20:52:36.746" endtime="20231116 20:52:37.289"/>
</kw>
<status status="PASS" starttime="20231116 20:52:36.745" endtime="20231116 20:52:37.290"/>
</kw>
<kw name="Click Link" library="SeleniumLibrary">
<arg>Login</arg>
<doc>Clicks a link identified by ``locator``.</doc>
<msg timestamp="20231116 20:52:37.291" level="INFO">Clicking link 'Login'.</msg>
<status status="PASS" starttime="20231116 20:52:37.290" endtime="20231116 20:52:38.869"/>
</kw>
<kw name="Login Page Should Be Open" library="resource">
<kw name="Title Should Be" library="SeleniumLibrary">
<arg>Login</arg>
<doc>Verifies that the current page title equals ``title``.</doc>
<msg timestamp="20231116 20:52:39.381" level="INFO">Page title is 'Login'.</msg>
<status status="PASS" starttime="20231116 20:52:38.870" endtime="20231116 20:52:39.381"/>
</kw>
<status status="PASS" starttime="20231116 20:52:38.869" endtime="20231116 20:52:39.381"/>
</kw>
<status status="PASS" starttime="20231116 20:52:36.744" endtime="20231116 20:52:39.381"/>
</test>
<test id="s1-s1-t2" name="Click Register Link" line="12">
<kw name="Go To Starting Page" library="resource" type="SETUP">
<kw name="Go To" library="SeleniumLibrary">
<arg>${HOME_URL}</arg>
<doc>Navigates the current browser window to the provided ``url``.</doc>
<msg timestamp="20231116 20:52:39.384" level="INFO">Opening url 'http://localhost:5001'</msg>
<status status="PASS" starttime="20231116 20:52:39.383" endtime="20231116 20:52:39.909"/>
</kw>
<status status="PASS" starttime="20231116 20:52:39.383" endtime="20231116 20:52:39.909"/>
</kw>
<kw name="Click Link" library="SeleniumLibrary">
<arg>Register new user</arg>
<doc>Clicks a link identified by ``locator``.</doc>
<msg timestamp="20231116 20:52:39.911" level="INFO">Clicking link 'Register new user'.</msg>
<status status="PASS" starttime="20231116 20:52:39.910" endtime="20231116 20:52:41.480"/>
</kw>
<kw name="Register Page Should Be Open" library="resource">
<kw name="Title Should Be" library="SeleniumLibrary">
<arg>Register</arg>
<doc>Verifies that the current page title equals ``title``.</doc>
<msg timestamp="20231116 20:52:41.991" level="INFO">Page title is 'Register'.</msg>
<status status="PASS" starttime="20231116 20:52:41.481" endtime="20231116 20:52:41.991"/>
</kw>
<status status="PASS" starttime="20231116 20:52:41.481" endtime="20231116 20:52:41.991"/>
</kw>
<status status="PASS" starttime="20231116 20:52:39.382" endtime="20231116 20:52:41.992"/>
</test>
<kw name="Close Browser" library="SeleniumLibrary" type="TEARDOWN">
<doc>Closes the current browser.</doc>
<status status="PASS" starttime="20231116 20:52:41.993" endtime="20231116 20:52:42.553"/>
</kw>
<status status="PASS" starttime="20231116 20:52:35.126" endtime="20231116 20:52:42.553"/>
</suite>
<suite id="s1-s2" name="Login" source="/home/juhaleik/opisk/ohjelmistotuotanto/ohtu-s23/viikko3/web-login/src/tests/login.robot">
<kw name="Open And Configure Browser" library="resource" type="SETUP">
<kw name="Evaluate" library="BuiltIn">
<var>${options}</var>
<arg>sys.modules['selenium.webdriver'].ChromeOptions()</arg>
<arg>sys</arg>
<doc>Evaluates the given expression in Python and returns the result.</doc>
<msg timestamp="20231116 20:52:42.563" level="INFO">${options} = &lt;selenium.webdriver.chrome.options.Options object at 0x7fc9764eada0&gt;</msg>
<status status="PASS" starttime="20231116 20:52:42.562" endtime="20231116 20:52:42.563"/>
</kw>
<kw name="Call Method" library="BuiltIn">
<arg>${options}</arg>
<arg>add_argument</arg>
<arg>--no-sandbox</arg>
<doc>Calls the named method of the given object with the provided arguments.</doc>
<status status="PASS" starttime="20231116 20:52:42.563" endtime="20231116 20:52:42.563"/>
</kw>
<kw name="Open Browser" library="SeleniumLibrary">
<arg>browser=chrome</arg>
<arg>options=${options}</arg>
<doc>Opens a new browser instance to the optional ``url``.</doc>
<msg timestamp="20231116 20:52:42.564" level="INFO">Opening browser 'chrome' to base url 'None'.</msg>
<status status="PASS" starttime="20231116 20:52:42.563" endtime="20231116 20:52:43.599"/>
</kw>
<kw name="Set Selenium Speed" library="SeleniumLibrary">
<arg>${DELAY}</arg>
<doc>Sets the delay that is waited after each Selenium command.</doc>
<status status="PASS" starttime="20231116 20:52:43.599" endtime="20231116 20:52:43.600"/>
</kw>
<kw name="Set Window Size" library="SeleniumLibrary">
<arg>width=500</arg>
<arg>height=500</arg>
<doc>Sets current windows size to given ``width`` and ``height``.</doc>
<status status="PASS" starttime="20231116 20:52:43.600" endtime="20231116 20:52:44.235"/>
</kw>
<status status="PASS" starttime="20231116 20:52:42.562" endtime="20231116 20:52:44.235"/>
</kw>
<test id="s1-s2-t1" name="Login With Correct Credentials" line="8">
<kw name="Create User And Go To Login Page" type="SETUP">
<kw name="Create User" library="AppLibrary">
<arg>kalle</arg>
<arg>kalle123</arg>
<status status="PASS" starttime="20231116 20:52:44.237" endtime="20231116 20:52:44.251"/>
</kw>
<kw name="Go To Login Page" library="resource">
<kw name="Go To" library="SeleniumLibrary">
<arg>${LOGIN_URL}</arg>
<doc>Navigates the current browser window to the provided ``url``.</doc>
<msg timestamp="20231116 20:52:44.252" level="INFO">Opening url 'http://localhost:5001/login'</msg>
<status status="PASS" starttime="20231116 20:52:44.252" endtime="20231116 20:52:44.796"/>
</kw>
<status status="PASS" starttime="20231116 20:52:44.251" endtime="20231116 20:52:44.796"/>
</kw>
<kw name="Login Page Should Be Open" library="resource">
<kw name="Title Should Be" library="SeleniumLibrary">
<arg>Login</arg>
<doc>Verifies that the current page title equals ``title``.</doc>
<msg timestamp="20231116 20:52:45.309" level="INFO">Page title is 'Login'.</msg>
<status status="PASS" starttime="20231116 20:52:44.797" endtime="20231116 20:52:45.309"/>
</kw>
<status status="PASS" starttime="20231116 20:52:44.797" endtime="20231116 20:52:45.309"/>
</kw>
<status status="PASS" starttime="20231116 20:52:44.236" endtime="20231116 20:52:45.309"/>
</kw>
<kw name="Set Username">
<arg>kalle</arg>
<kw name="Input Text" library="SeleniumLibrary">
<arg>username</arg>
<arg>${username}</arg>
<doc>Types the given ``text`` into the text field identified by ``locator``.</doc>
<msg timestamp="20231116 20:52:45.311" level="INFO">Typing text 'kalle' into text field 'username'.</msg>
<status status="PASS" starttime="20231116 20:52:45.310" endtime="20231116 20:52:46.910"/>
</kw>
<status status="PASS" starttime="20231116 20:52:45.309" endtime="20231116 20:52:46.910"/>
</kw>
<kw name="Set Password">
<arg>kalle123</arg>
<kw name="Input Password" library="SeleniumLibrary">
<arg>password</arg>
<arg>${password}</arg>
<doc>Types the given password into the text field identified by ``locator``.</doc>
<msg timestamp="20231116 20:52:46.912" level="INFO">Typing password into text field 'password'.</msg>
<msg timestamp="20231116 20:52:47.962" level="INFO">Temporally setting log level to: NONE</msg>
<msg timestamp="20231116 20:52:48.498" level="INFO">Log level changed from NONE to INFO.</msg>
<status status="PASS" starttime="20231116 20:52:46.912" endtime="20231116 20:52:48.499"/>
</kw>
<status status="PASS" starttime="20231116 20:52:46.911" endtime="20231116 20:52:48.499"/>
</kw>
<kw name="Submit Credentials">
<kw name="Click Button" library="SeleniumLibrary">
<arg>Login</arg>
<doc>Clicks the button identified by ``locator``.</doc>
<msg timestamp="20231116 20:52:48.500" level="INFO">Clicking button 'Login'.</msg>
<status status="PASS" starttime="20231116 20:52:48.499" endtime="20231116 20:52:50.589"/>
</kw>
<status status="PASS" starttime="20231116 20:52:48.499" endtime="20231116 20:52:50.590"/>
</kw>
<kw name="Login Should Succeed">
<kw name="Main Page Should Be Open" library="resource">
<kw name="Title Should Be" library="SeleniumLibrary">
<arg>Ohtu Application main page</arg>
<doc>Verifies that the current page title equals ``title``.</doc>
<msg timestamp="20231116 20:52:51.098" level="INFO">Page title is 'Ohtu Application main page'.</msg>
<status status="PASS" starttime="20231116 20:52:50.591" endtime="20231116 20:52:51.099"/>
</kw>
<status status="PASS" starttime="20231116 20:52:50.590" endtime="20231116 20:52:51.099"/>
</kw>
<status status="PASS" starttime="20231116 20:52:50.590" endtime="20231116 20:52:51.099"/>
</kw>
<status status="PASS" starttime="20231116 20:52:44.235" endtime="20231116 20:52:51.099"/>
</test>
<test id="s1-s2-t2" name="Login With Incorrect Password" line="14">
<kw name="Create User And Go To Login Page" type="SETUP">
<kw name="Create User" library="AppLibrary">
<arg>kalle</arg>
<arg>kalle123</arg>
<status status="PASS" starttime="20231116 20:52:51.101" endtime="20231116 20:52:51.115"/>
</kw>
<kw name="Go To Login Page" library="resource">
<kw name="Go To" library="SeleniumLibrary">
<arg>${LOGIN_URL}</arg>
<doc>Navigates the current browser window to the provided ``url``.</doc>
<msg timestamp="20231116 20:52:51.116" level="INFO">Opening url 'http://localhost:5001/login'</msg>
<status status="PASS" starttime="20231116 20:52:51.116" endtime="20231116 20:52:51.641"/>
</kw>
<status status="PASS" starttime="20231116 20:52:51.115" endtime="20231116 20:52:51.642"/>
</kw>
<kw name="Login Page Should Be Open" library="resource">
<kw name="Title Should Be" library="SeleniumLibrary">
<arg>Login</arg>
<doc>Verifies that the current page title equals ``title``.</doc>
<msg timestamp="20231116 20:52:52.151" level="INFO">Page title is 'Login'.</msg>
<status status="PASS" starttime="20231116 20:52:51.642" endtime="20231116 20:52:52.152"/>
</kw>
<status status="PASS" starttime="20231116 20:52:51.642" endtime="20231116 20:52:52.152"/>
</kw>
<status status="PASS" starttime="20231116 20:52:51.101" endtime="20231116 20:52:52.152"/>
</kw>
<kw name="Set Username">
<arg>kalle</arg>
<kw name="Input Text" library="SeleniumLibrary">
<arg>username</arg>
<arg>${username}</arg>
<doc>Types the given ``text`` into the text field identified by ``locator``.</doc>
<msg timestamp="20231116 20:52:52.154" level="INFO">Typing text 'kalle' into text field 'username'.</msg>
<status status="PASS" starttime="20231116 20:52:52.153" endtime="20231116 20:52:53.730"/>
</kw>
<status status="PASS" starttime="20231116 20:52:52.152" endtime="20231116 20:52:53.730"/>
</kw>
<kw name="Set Password">
<arg>kalle456</arg>
<kw name="Input Password" library="SeleniumLibrary">
<arg>password</arg>
<arg>${password}</arg>
<doc>Types the given password into the text field identified by ``locator``.</doc>
<msg timestamp="20231116 20:52:53.732" level="INFO">Typing password into text field 'password'.</msg>
<msg timestamp="20231116 20:52:54.760" level="INFO">Temporally setting log level to: NONE</msg>
<msg timestamp="20231116 20:52:55.286" level="INFO">Log level changed from NONE to INFO.</msg>
<status status="PASS" starttime="20231116 20:52:53.731" endtime="20231116 20:52:55.286"/>
</kw>
<status status="PASS" starttime="20231116 20:52:53.731" endtime="20231116 20:52:55.287"/>
</kw>
<kw name="Submit Credentials">
<kw name="Click Button" library="SeleniumLibrary">
<arg>Login</arg>
<doc>Clicks the button identified by ``locator``.</doc>
<msg timestamp="20231116 20:52:55.288" level="INFO">Clicking button 'Login'.</msg>
<status status="PASS" starttime="20231116 20:52:55.287" endtime="20231116 20:52:57.347"/>
</kw>
<status status="PASS" starttime="20231116 20:52:55.287" endtime="20231116 20:52:57.347"/>
</kw>
<kw name="Login Should Fail With Message">
<arg>Invalid username or password</arg>
<kw name="Login Page Should Be Open" library="resource">
<kw name="Title Should Be" library="SeleniumLibrary">
<arg>Login</arg>
<doc>Verifies that the current page title equals ``title``.</doc>
<msg timestamp="20231116 20:52:57.857" level="INFO">Page title is 'Login'.</msg>
<status status="PASS" starttime="20231116 20:52:57.348" endtime="20231116 20:52:57.857"/>
</kw>
<status status="PASS" starttime="20231116 20:52:57.348" endtime="20231116 20:52:57.857"/>
</kw>
<kw name="Page Should Contain" library="SeleniumLibrary">
<arg>${message}</arg>
<doc>Verifies that current page contains ``text``.</doc>
<msg timestamp="20231116 20:52:58.878" level="INFO">Current page contains text 'Invalid username or password'.</msg>
<status status="PASS" starttime="20231116 20:52:57.857" endtime="20231116 20:52:58.879"/>
</kw>
<status status="PASS" starttime="20231116 20:52:57.347" endtime="20231116 20:52:58.879"/>
</kw>
<status status="PASS" starttime="20231116 20:52:51.100" endtime="20231116 20:52:58.879"/>
</test>
<test id="s1-s2-t3" name="Login With Nonexistent Username" line="20">
<kw name="Create User And Go To Login Page" type="SETUP">
<kw name="Create User" library="AppLibrary">
<arg>kalle</arg>
<arg>kalle123</arg>
<status status="PASS" starttime="20231116 20:52:58.881" endtime="20231116 20:52:58.895"/>
</kw>
<kw name="Go To Login Page" library="resource">
<kw name="Go To" library="SeleniumLibrary">
<arg>${LOGIN_URL}</arg>
<doc>Navigates the current browser window to the provided ``url``.</doc>
<msg timestamp="20231116 20:52:58.896" level="INFO">Opening url 'http://localhost:5001/login'</msg>
<status status="PASS" starttime="20231116 20:52:58.896" endtime="20231116 20:52:59.418"/>
</kw>
<status status="PASS" starttime="20231116 20:52:58.895" endtime="20231116 20:52:59.418"/>
</kw>
<kw name="Login Page Should Be Open" library="resource">
<kw name="Title Should Be" library="SeleniumLibrary">
<arg>Login</arg>
<doc>Verifies that the current page title equals ``title``.</doc>
<msg timestamp="20231116 20:52:59.927" level="INFO">Page title is 'Login'.</msg>
<status status="PASS" starttime="20231116 20:52:59.419" endtime="20231116 20:52:59.928"/>
</kw>
<status status="PASS" starttime="20231116 20:52:59.418" endtime="20231116 20:52:59.928"/>
</kw>
<status status="PASS" starttime="20231116 20:52:58.880" endtime="20231116 20:52:59.928"/>
</kw>
<kw name="Set Username">
<arg>jonne</arg>
<kw name="Input Text" library="SeleniumLibrary">
<arg>username</arg>
<arg>${username}</arg>
<doc>Types the given ``text`` into the text field identified by ``locator``.</doc>
<msg timestamp="20231116 20:52:59.930" level="INFO">Typing text 'jonne' into text field 'username'.</msg>
<status status="PASS" starttime="20231116 20:52:59.929" endtime="20231116 20:53:01.514"/>
</kw>
<status status="PASS" starttime="20231116 20:52:59.928" endtime="20231116 20:53:01.515"/>
</kw>
<kw name="Set Password">
<arg>kalle123</arg>
<kw name="Input Password" library="SeleniumLibrary">
<arg>password</arg>
<arg>${password}</arg>
<doc>Types the given password into the text field identified by ``locator``.</doc>
<msg timestamp="20231116 20:53:01.516" level="INFO">Typing password into text field 'password'.</msg>
<msg timestamp="20231116 20:53:02.544" level="INFO">Temporally setting log level to: NONE</msg>
<msg timestamp="20231116 20:53:03.085" level="INFO">Log level changed from NONE to INFO.</msg>
<status status="PASS" starttime="20231116 20:53:01.515" endtime="20231116 20:53:03.086"/>
</kw>
<status status="PASS" starttime="20231116 20:53:01.515" endtime="20231116 20:53:03.086"/>
</kw>
<kw name="Submit Credentials">
<kw name="Click Button" library="SeleniumLibrary">
<arg>Login</arg>
<doc>Clicks the button identified by ``locator``.</doc>
<msg timestamp="20231116 20:53:03.088" level="INFO">Clicking button 'Login'.</msg>
<status status="PASS" starttime="20231116 20:53:03.087" endtime="20231116 20:53:05.153"/>
</kw>
<status status="PASS" starttime="20231116 20:53:03.086" endtime="20231116 20:53:05.153"/>
</kw>
<kw name="Login Should Fail With Message">
<arg>Invalid username or password</arg>
<kw name="Login Page Should Be Open" library="resource">
<kw name="Title Should Be" library="SeleniumLibrary">
<arg>Login</arg>
<doc>Verifies that the current page title equals ``title``.</doc>
<msg timestamp="20231116 20:53:05.664" level="INFO">Page title is 'Login'.</msg>
<status status="PASS" starttime="20231116 20:53:05.154" endtime="20231116 20:53:05.664"/>
</kw>
<status status="PASS" starttime="20231116 20:53:05.154" endtime="20231116 20:53:05.665"/>
</kw>
<kw name="Page Should Contain" library="SeleniumLibrary">
<arg>${message}</arg>
<doc>Verifies that current page contains ``text``.</doc>
<msg timestamp="20231116 20:53:06.686" level="INFO">Current page contains text 'Invalid username or password'.</msg>
<status status="PASS" starttime="20231116 20:53:05.665" endtime="20231116 20:53:06.686"/>
</kw>
<status status="PASS" starttime="20231116 20:53:05.153" endtime="20231116 20:53:06.686"/>
</kw>
<status status="PASS" starttime="20231116 20:52:58.880" endtime="20231116 20:53:06.686"/>
</test>
<kw name="Close Browser" library="SeleniumLibrary" type="TEARDOWN">
<doc>Closes the current browser.</doc>
<status status="PASS" starttime="20231116 20:53:06.687" endtime="20231116 20:53:07.246"/>
</kw>
<status status="PASS" starttime="20231116 20:52:42.555" endtime="20231116 20:53:07.246"/>
</suite>
<suite id="s1-s3" name="Register" source="/home/juhaleik/opisk/ohjelmistotuotanto/ohtu-s23/viikko3/web-login/src/tests/register.robot">
<kw name="Open And Configure Browser" library="resource" type="SETUP">
<kw name="Evaluate" library="BuiltIn">
<var>${options}</var>
<arg>sys.modules['selenium.webdriver'].ChromeOptions()</arg>
<arg>sys</arg>
<doc>Evaluates the given expression in Python and returns the result.</doc>
<msg timestamp="20231116 20:53:07.255" level="INFO">${options} = &lt;selenium.webdriver.chrome.options.Options object at 0x7fc976258520&gt;</msg>
<status status="PASS" starttime="20231116 20:53:07.254" endtime="20231116 20:53:07.255"/>
</kw>
<kw name="Call Method" library="BuiltIn">
<arg>${options}</arg>
<arg>add_argument</arg>
<arg>--no-sandbox</arg>
<doc>Calls the named method of the given object with the provided arguments.</doc>
<status status="PASS" starttime="20231116 20:53:07.255" endtime="20231116 20:53:07.256"/>
</kw>
<kw name="Open Browser" library="SeleniumLibrary">
<arg>browser=chrome</arg>
<arg>options=${options}</arg>
<doc>Opens a new browser instance to the optional ``url``.</doc>
<msg timestamp="20231116 20:53:07.257" level="INFO">Opening browser 'chrome' to base url 'None'.</msg>
<status status="PASS" starttime="20231116 20:53:07.256" endtime="20231116 20:53:08.246"/>
</kw>
<kw name="Set Selenium Speed" library="SeleniumLibrary">
<arg>${DELAY}</arg>
<doc>Sets the delay that is waited after each Selenium command.</doc>
<status status="PASS" starttime="20231116 20:53:08.246" endtime="20231116 20:53:08.247"/>
</kw>
<kw name="Set Window Size" library="SeleniumLibrary">
<arg>width=500</arg>
<arg>height=500</arg>
<doc>Sets current windows size to given ``width`` and ``height``.</doc>
<status status="PASS" starttime="20231116 20:53:08.247" endtime="20231116 20:53:08.852"/>
</kw>
<status status="PASS" starttime="20231116 20:53:07.254" endtime="20231116 20:53:08.852"/>
</kw>
<test id="s1-s3-t1" name="Register With Valid Username And Password" line="9">
<kw name="Go To Register Page" library="resource" type="SETUP">
<kw name="Go To" library="SeleniumLibrary">
<arg>${REGISTER_URL}</arg>
<doc>Navigates the current browser window to the provided ``url``.</doc>
<msg timestamp="20231116 20:53:08.855" level="INFO">Opening url 'http://localhost:5001/register'</msg>
<status status="PASS" starttime="20231116 20:53:08.854" endtime="20231116 20:53:09.419"/>
</kw>
<status status="PASS" starttime="20231116 20:53:08.853" endtime="20231116 20:53:09.419"/>
</kw>
<kw name="Set Username">
<arg>jonne</arg>
<kw name="Input Text" library="SeleniumLibrary">
<arg>username</arg>
<arg>${username}</arg>
<doc>Types the given ``text`` into the text field identified by ``locator``.</doc>
<msg timestamp="20231116 20:53:09.421" level="INFO">Typing text 'jonne' into text field 'username'.</msg>
<status status="PASS" starttime="20231116 20:53:09.420" endtime="20231116 20:53:11.022"/>
</kw>
<status status="PASS" starttime="20231116 20:53:09.419" endtime="20231116 20:53:11.022"/>
</kw>
<kw name="Set Password">
<arg>kalle123</arg>
<kw name="Input Password" library="SeleniumLibrary">
<arg>password</arg>
<arg>${password}</arg>
<doc>Types the given password into the text field identified by ``locator``.</doc>
<msg timestamp="20231116 20:53:11.024" level="INFO">Typing password into text field 'password'.</msg>
<msg timestamp="20231116 20:53:12.076" level="INFO">Temporally setting log level to: NONE</msg>
<msg timestamp="20231116 20:53:12.615" level="INFO">Log level changed from NONE to INFO.</msg>
<status status="PASS" starttime="20231116 20:53:11.023" endtime="20231116 20:53:12.615"/>
</kw>
<status status="PASS" starttime="20231116 20:53:11.023" endtime="20231116 20:53:12.616"/>
</kw>
<kw name="Set Password-confirmation">
<arg>kalle123</arg>
<kw name="Input Password" library="SeleniumLibrary">
<arg>password_confirmation</arg>
<arg>${password_confirmation}</arg>
<doc>Types the given password into the text field identified by ``locator``.</doc>
<msg timestamp="20231116 20:53:12.617" level="INFO">Typing password into text field 'password_confirmation'.</msg>
<msg timestamp="20231116 20:53:13.667" level="INFO">Temporally setting log level to: NONE</msg>
<msg timestamp="20231116 20:53:14.208" level="INFO">Log level changed from NONE to INFO.</msg>
<status status="PASS" starttime="20231116 20:53:12.616" endtime="20231116 20:53:14.208"/>
</kw>
<status status="PASS" starttime="20231116 20:53:12.616" endtime="20231116 20:53:14.208"/>
</kw>
<kw name="Submit Credentials">
<kw name="Click Button" library="SeleniumLibrary">
<arg>Register</arg>
<doc>Clicks the button identified by ``locator``.</doc>
<msg timestamp="20231116 20:53:14.210" level="INFO">Clicking button 'Register'.</msg>
<status status="PASS" starttime="20231116 20:53:14.209" endtime="20231116 20:53:16.305"/>
</kw>
<status status="PASS" starttime="20231116 20:53:14.208" endtime="20231116 20:53:16.306"/>
</kw>
<kw name="Registering Should Succeed">
<kw name="Welcome Page Should Be Open" library="resource">
<kw name="Title Should Be" library="SeleniumLibrary">
<arg>Welcome to Ohtu Application!</arg>
<doc>Verifies that the current page title equals ``title``.</doc>
<msg timestamp="20231116 20:53:16.816" level="INFO">Page title is 'Welcome to Ohtu Application!'.</msg>
<status status="PASS" starttime="20231116 20:53:16.307" endtime="20231116 20:53:16.817"/>
</kw>
<status status="PASS" starttime="20231116 20:53:16.307" endtime="20231116 20:53:16.817"/>
</kw>
<status status="PASS" starttime="20231116 20:53:16.306" endtime="20231116 20:53:16.817"/>
</kw>
<status status="PASS" starttime="20231116 20:53:08.852" endtime="20231116 20:53:16.817"/>
</test>
<test id="s1-s3-t2" name="Register With Too Short Username And Valid Password" line="16">
<kw name="Go To Register Page" library="resource" type="SETUP">
<kw name="Go To" library="SeleniumLibrary">
<arg>${REGISTER_URL}</arg>
<doc>Navigates the current browser window to the provided ``url``.</doc>
<msg timestamp="20231116 20:53:16.820" level="INFO">Opening url 'http://localhost:5001/register'</msg>
<status status="PASS" starttime="20231116 20:53:16.819" endtime="20231116 20:53:17.339"/>
</kw>
<status status="PASS" starttime="20231116 20:53:16.819" endtime="20231116 20:53:17.339"/>
</kw>
<kw name="Set Username">
<arg>ka</arg>
<kw name="Input Text" library="SeleniumLibrary">
<arg>username</arg>
<arg>${username}</arg>
<doc>Types the given ``text`` into the text field identified by ``locator``.</doc>
<msg timestamp="20231116 20:53:17.341" level="INFO">Typing text 'ka' into text field 'username'.</msg>
<status status="PASS" starttime="20231116 20:53:17.340" endtime="20231116 20:53:18.920"/>
</kw>
<status status="PASS" starttime="20231116 20:53:17.339" endtime="20231116 20:53:18.920"/>
</kw>
<kw name="Set Password">
<arg>kalle123</arg>
<kw name="Input Password" library="SeleniumLibrary">
<arg>password</arg>
<arg>${password}</arg>
<doc>Types the given password into the text field identified by ``locator``.</doc>
<msg timestamp="20231116 20:53:18.922" level="INFO">Typing password into text field 'password'.</msg>
<msg timestamp="20231116 20:53:19.953" level="INFO">Temporally setting log level to: NONE</msg>
<msg timestamp="20231116 20:53:20.492" level="INFO">Log level changed from NONE to INFO.</msg>
<status status="PASS" starttime="20231116 20:53:18.921" endtime="20231116 20:53:20.492"/>
</kw>
<status status="PASS" starttime="20231116 20:53:18.921" endtime="20231116 20:53:20.492"/>
</kw>
<kw name="Set Password-confirmation">
<arg>kalle123</arg>
<kw name="Input Password" library="SeleniumLibrary">
<arg>password_confirmation</arg>
<arg>${password_confirmation}</arg>
<doc>Types the given password into the text field identified by ``locator``.</doc>
<msg timestamp="20231116 20:53:20.494" level="INFO">Typing password into text field 'password_confirmation'.</msg>
<msg timestamp="20231116 20:53:21.527" level="INFO">Temporally setting log level to: NONE</msg>
<msg timestamp="20231116 20:53:22.066" level="INFO">Log level changed from NONE to INFO.</msg>
<status status="PASS" starttime="20231116 20:53:20.493" endtime="20231116 20:53:22.066"/>
</kw>
<status status="PASS" starttime="20231116 20:53:20.492" endtime="20231116 20:53:22.067"/>
</kw>
<kw name="Submit Credentials">
<kw name="Click Button" library="SeleniumLibrary">
<arg>Register</arg>
<doc>Clicks the button identified by ``locator``.</doc>
<msg timestamp="20231116 20:53:22.068" level="INFO">Clicking button 'Register'.</msg>
<status status="PASS" starttime="20231116 20:53:22.068" endtime="20231116 20:53:24.139"/>
</kw>
<status status="PASS" starttime="20231116 20:53:22.067" endtime="20231116 20:53:24.139"/>
</kw>
<kw name="Registering Should Fail With Message">
<arg>Username not valid</arg>
<kw name="Register Page Should Be Open" library="resource">
<kw name="Title Should Be" library="SeleniumLibrary">
<arg>Register</arg>
<doc>Verifies that the current page title equals ``title``.</doc>
<msg timestamp="20231116 20:53:24.652" level="INFO">Page title is 'Register'.</msg>
<status status="PASS" starttime="20231116 20:53:24.139" endtime="20231116 20:53:24.652"/>
</kw>
<status status="PASS" starttime="20231116 20:53:24.139" endtime="20231116 20:53:24.652"/>
</kw>
<kw name="Page Should Contain" library="SeleniumLibrary">
<arg>${message}</arg>
<doc>Verifies that current page contains ``text``.</doc>
<msg timestamp="20231116 20:53:25.672" level="INFO">Current page contains text 'Username not valid'.</msg>
<status status="PASS" starttime="20231116 20:53:24.653" endtime="20231116 20:53:25.672"/>
</kw>
<status status="PASS" starttime="20231116 20:53:24.139" endtime="20231116 20:53:25.672"/>
</kw>
<status status="PASS" starttime="20231116 20:53:16.818" endtime="20231116 20:53:25.673"/>
</test>
<test id="s1-s3-t3" name="Register With Valid Username And Invalid Password" line="23">
<kw name="Go To Register Page" library="resource" type="SETUP">
<kw name="Go To" library="SeleniumLibrary">
<arg>${REGISTER_URL}</arg>
<doc>Navigates the current browser window to the provided ``url``.</doc>
<msg timestamp="20231116 20:53:25.674" level="INFO">Opening url 'http://localhost:5001/register'</msg>
<status status="PASS" starttime="20231116 20:53:25.674" endtime="20231116 20:53:26.193"/>
</kw>
<status status="PASS" starttime="20231116 20:53:25.674" endtime="20231116 20:53:26.193"/>
</kw>
<kw name="Set Username">
<arg>kalle</arg>
<kw name="Input Text" library="SeleniumLibrary">
<arg>username</arg>
<arg>${username}</arg>
<doc>Types the given ``text`` into the text field identified by ``locator``.</doc>
<msg timestamp="20231116 20:53:26.195" level="INFO">Typing text 'kalle' into text field 'username'.</msg>
<status status="PASS" starttime="20231116 20:53:26.194" endtime="20231116 20:53:27.763"/>
</kw>
<status status="PASS" starttime="20231116 20:53:26.193" endtime="20231116 20:53:27.763"/>
</kw>
<kw name="Set Password">
<arg>salasana</arg>
<kw name="Input Password" library="SeleniumLibrary">
<arg>password</arg>
<arg>${password}</arg>
<doc>Types the given password into the text field identified by ``locator``.</doc>
<msg timestamp="20231116 20:53:27.766" level="INFO">Typing password into text field 'password'.</msg>
<msg timestamp="20231116 20:53:28.800" level="INFO">Temporally setting log level to: NONE</msg>
<msg timestamp="20231116 20:53:29.337" level="INFO">Log level changed from NONE to INFO.</msg>
<status status="PASS" starttime="20231116 20:53:27.764" endtime="20231116 20:53:29.337"/>
</kw>
<status status="PASS" starttime="20231116 20:53:27.764" endtime="20231116 20:53:29.337"/>
</kw>
<kw name="Set Password-confirmation">
<arg>salasana</arg>
<kw name="Input Password" library="SeleniumLibrary">
<arg>password_confirmation</arg>
<arg>${password_confirmation}</arg>
<doc>Types the given password into the text field identified by ``locator``.</doc>
<msg timestamp="20231116 20:53:29.339" level="INFO">Typing password into text field 'password_confirmation'.</msg>
<msg timestamp="20231116 20:53:30.383" level="INFO">Temporally setting log level to: NONE</msg>
<msg timestamp="20231116 20:53:30.918" level="INFO">Log level changed from NONE to INFO.</msg>
<status status="PASS" starttime="20231116 20:53:29.338" endtime="20231116 20:53:30.918"/>
</kw>
<status status="PASS" starttime="20231116 20:53:29.338" endtime="20231116 20:53:30.918"/>
</kw>
<kw name="Submit Credentials">
<kw name="Click Button" library="SeleniumLibrary">
<arg>Register</arg>
<doc>Clicks the button identified by ``locator``.</doc>
<msg timestamp="20231116 20:53:30.920" level="INFO">Clicking button 'Register'.</msg>
<status status="PASS" starttime="20231116 20:53:30.919" endtime="20231116 20:53:32.999"/>
</kw>
<status status="PASS" starttime="20231116 20:53:30.918" endtime="20231116 20:53:32.999"/>
</kw>
<kw name="Registering Should Fail With Message">
<arg>Password not valid</arg>
<kw name="Register Page Should Be Open" library="resource">
<kw name="Title Should Be" library="SeleniumLibrary">
<arg>Register</arg>
<doc>Verifies that the current page title equals ``title``.</doc>
<msg timestamp="20231116 20:53:33.508" level="INFO">Page title is 'Register'.</msg>
<status status="PASS" starttime="20231116 20:53:33.001" endtime="20231116 20:53:33.509"/>
</kw>
<status status="PASS" starttime="20231116 20:53:33.000" endtime="20231116 20:53:33.509"/>
</kw>
<kw name="Page Should Contain" library="SeleniumLibrary">
<arg>${message}</arg>
<doc>Verifies that current page contains ``text``.</doc>
<msg timestamp="20231116 20:53:34.536" level="INFO">Current page contains text 'Password not valid'.</msg>
<status status="PASS" starttime="20231116 20:53:33.509" endtime="20231116 20:53:34.536"/>
</kw>
<status status="PASS" starttime="20231116 20:53:32.999" endtime="20231116 20:53:34.536"/>
</kw>
<status status="PASS" starttime="20231116 20:53:25.673" endtime="20231116 20:53:34.536"/>
</test>
<test id="s1-s3-t4" name="Register With Nonmatching Password And Password Confirmation" line="30">
<kw name="Go To Register Page" library="resource" type="SETUP">
<kw name="Go To" library="SeleniumLibrary">
<arg>${REGISTER_URL}</arg>
<doc>Navigates the current browser window to the provided ``url``.</doc>
<msg timestamp="20231116 20:53:34.539" level="INFO">Opening url 'http://localhost:5001/register'</msg>
<status status="PASS" starttime="20231116 20:53:34.538" endtime="20231116 20:53:35.059"/>
</kw>
<status status="PASS" starttime="20231116 20:53:34.538" endtime="20231116 20:53:35.059"/>
</kw>
<kw name="Set Username">
<arg>veikko</arg>
<kw name="Input Text" library="SeleniumLibrary">
<arg>username</arg>
<arg>${username}</arg>
<doc>Types the given ``text`` into the text field identified by ``locator``.</doc>
<msg timestamp="20231116 20:53:35.061" level="INFO">Typing text 'veikko' into text field 'username'.</msg>
<status status="PASS" starttime="20231116 20:53:35.060" endtime="20231116 20:53:36.631"/>
</kw>
<status status="PASS" starttime="20231116 20:53:35.060" endtime="20231116 20:53:36.631"/>
</kw>
<kw name="Set Password">
<arg>kalle123</arg>
<kw name="Input Password" library="SeleniumLibrary">
<arg>password</arg>
<arg>${password}</arg>
<doc>Types the given password into the text field identified by ``locator``.</doc>
<msg timestamp="20231116 20:53:36.633" level="INFO">Typing password into text field 'password'.</msg>
<msg timestamp="20231116 20:53:37.668" level="INFO">Temporally setting log level to: NONE</msg>
<msg timestamp="20231116 20:53:38.204" level="INFO">Log level changed from NONE to INFO.</msg>
<status status="PASS" starttime="20231116 20:53:36.632" endtime="20231116 20:53:38.204"/>
</kw>
<status status="PASS" starttime="20231116 20:53:36.632" endtime="20231116 20:53:38.204"/>
</kw>
<kw name="Set Password-confirmation">
<arg>kalle456</arg>
<kw name="Input Password" library="SeleniumLibrary">
<arg>password_confirmation</arg>
<arg>${password_confirmation}</arg>
<doc>Types the given password into the text field identified by ``locator``.</doc>
<msg timestamp="20231116 20:53:38.206" level="INFO">Typing password into text field 'password_confirmation'.</msg>
<msg timestamp="20231116 20:53:39.248" level="INFO">Temporally setting log level to: NONE</msg>
<msg timestamp="20231116 20:53:39.792" level="INFO">Log level changed from NONE to INFO.</msg>
<status status="PASS" starttime="20231116 20:53:38.205" endtime="20231116 20:53:39.792"/>
</kw>
<status status="PASS" starttime="20231116 20:53:38.205" endtime="20231116 20:53:39.792"/>
</kw>
<kw name="Submit Credentials">
<kw name="Click Button" library="SeleniumLibrary">
<arg>Register</arg>
<doc>Clicks the button identified by ``locator``.</doc>
<msg timestamp="20231116 20:53:39.794" level="INFO">Clicking button 'Register'.</msg>
<status status="PASS" starttime="20231116 20:53:39.793" endtime="20231116 20:53:41.872"/>
</kw>
<status status="PASS" starttime="20231116 20:53:39.793" endtime="20231116 20:53:41.872"/>
</kw>
<kw name="Registering Should Fail With Message">
<arg>Passwords do not match</arg>
<kw name="Register Page Should Be Open" library="resource">
<kw name="Title Should Be" library="SeleniumLibrary">
<arg>Register</arg>
<doc>Verifies that the current page title equals ``title``.</doc>
<msg timestamp="20231116 20:53:42.383" level="INFO">Page title is 'Register'.</msg>
<status status="PASS" starttime="20231116 20:53:41.874" endtime="20231116 20:53:42.383"/>
</kw>
<status status="PASS" starttime="20231116 20:53:41.873" endtime="20231116 20:53:42.383"/>
</kw>
<kw name="Page Should Contain" library="SeleniumLibrary">
<arg>${message}</arg>
<doc>Verifies that current page contains ``text``.</doc>
<msg timestamp="20231116 20:53:43.408" level="INFO">Current page contains text 'Passwords do not match'.</msg>
<status status="PASS" starttime="20231116 20:53:42.384" endtime="20231116 20:53:43.408"/>
</kw>
<status status="PASS" starttime="20231116 20:53:41.873" endtime="20231116 20:53:43.408"/>
</kw>
<status status="PASS" starttime="20231116 20:53:34.537" endtime="20231116 20:53:43.409"/>
</test>
<test id="s1-s3-t5" name="Login After Succesfull Registration" line="37">
<kw name="Go To Register Page" library="resource" type="SETUP">
<kw name="Go To" library="SeleniumLibrary">
<arg>${REGISTER_URL}</arg>
<doc>Navigates the current browser window to the provided ``url``.</doc>
<msg timestamp="20231116 20:53:43.411" level="INFO">Opening url 'http://localhost:5001/register'</msg>
<status status="PASS" starttime="20231116 20:53:43.410" endtime="20231116 20:53:43.927"/>
</kw>
<status status="PASS" starttime="20231116 20:53:43.410" endtime="20231116 20:53:43.927"/>
</kw>
<kw name="Set Username">
<arg>jonnez</arg>
<kw name="Input Text" library="SeleniumLibrary">
<arg>username</arg>
<arg>${username}</arg>
<doc>Types the given ``text`` into the text field identified by ``locator``.</doc>
<msg timestamp="20231116 20:53:43.929" level="INFO">Typing text 'jonnez' into text field 'username'.</msg>
<status status="PASS" starttime="20231116 20:53:43.928" endtime="20231116 20:53:45.514"/>
</kw>
<status status="PASS" starttime="20231116 20:53:43.927" endtime="20231116 20:53:45.514"/>
</kw>
<kw name="Set Password">
<arg>kalle123</arg>
<kw name="Input Password" library="SeleniumLibrary">
<arg>password</arg>
<arg>${password}</arg>
<doc>Types the given password into the text field identified by ``locator``.</doc>
<msg timestamp="20231116 20:53:45.516" level="INFO">Typing password into text field 'password'.</msg>
<msg timestamp="20231116 20:53:46.551" level="INFO">Temporally setting log level to: NONE</msg>
<msg timestamp="20231116 20:53:47.090" level="INFO">Log level changed from NONE to INFO.</msg>
<status status="PASS" starttime="20231116 20:53:45.515" endtime="20231116 20:53:47.090"/>
</kw>
<status status="PASS" starttime="20231116 20:53:45.515" endtime="20231116 20:53:47.090"/>
</kw>
<kw name="Set Password-confirmation">
<arg>kalle123</arg>
<kw name="Input Password" library="SeleniumLibrary">
<arg>password_confirmation</arg>
<arg>${password_confirmation}</arg>
<doc>Types the given password into the text field identified by ``locator``.</doc>
<msg timestamp="20231116 20:53:47.092" level="INFO">Typing password into text field 'password_confirmation'.</msg>
<msg timestamp="20231116 20:53:48.136" level="INFO">Temporally setting log level to: NONE</msg>
<msg timestamp="20231116 20:53:48.674" level="INFO">Log level changed from NONE to INFO.</msg>
<status status="PASS" starttime="20231116 20:53:47.091" endtime="20231116 20:53:48.674"/>
</kw>
<status status="PASS" starttime="20231116 20:53:47.090" endtime="20231116 20:53:48.674"/>
</kw>
<kw name="Submit Credentials">
<kw name="Click Button" library="SeleniumLibrary">
<arg>Register</arg>
<doc>Clicks the button identified by ``locator``.</doc>
<msg timestamp="20231116 20:53:48.676" level="INFO">Clicking button 'Register'.</msg>
<status status="PASS" starttime="20231116 20:53:48.675" endtime="20231116 20:53:50.748"/>
</kw>
<status status="PASS" starttime="20231116 20:53:48.675" endtime="20231116 20:53:50.748"/>
</kw>
<kw name="Registering Should Succeed">
<kw name="Welcome Page Should Be Open" library="resource">
<kw name="Title Should Be" library="SeleniumLibrary">
<arg>Welcome to Ohtu Application!</arg>
<doc>Verifies that the current page title equals ``title``.</doc>
<msg timestamp="20231116 20:53:51.258" level="INFO">Page title is 'Welcome to Ohtu Application!'.</msg>
<status status="PASS" starttime="20231116 20:53:50.750" endtime="20231116 20:53:51.258"/>
</kw>
<status status="PASS" starttime="20231116 20:53:50.749" endtime="20231116 20:53:51.259"/>
</kw>
<status status="PASS" starttime="20231116 20:53:50.748" endtime="20231116 20:53:51.259"/>
</kw>
<kw name="Continue after registering">
<kw name="Click Link" library="SeleniumLibrary">
<arg>Continue to main page</arg>
<doc>Clicks a link identified by ``locator``.</doc>
<msg timestamp="20231116 20:53:51.260" level="INFO">Clicking link 'Continue to main page'.</msg>
<status status="PASS" starttime="20231116 20:53:51.260" endtime="20231116 20:53:52.826"/>
</kw>
<status status="PASS" starttime="20231116 20:53:51.259" endtime="20231116 20:53:52.826"/>
</kw>
<kw name="Logout">
<kw name="Click Button" library="SeleniumLibrary">
<arg>Logout</arg>
<doc>Clicks the button identified by ``locator``.</doc>
<msg timestamp="20231116 20:53:52.828" level="INFO">Clicking button 'Logout'.</msg>
<status status="PASS" starttime="20231116 20:53:52.827" endtime="20231116 20:53:54.933"/>
</kw>
<status status="PASS" starttime="20231116 20:53:52.826" endtime="20231116 20:53:54.933"/>
</kw>
<kw name="Login Page Should Be Open" library="resource">
<kw name="Title Should Be" library="SeleniumLibrary">
<arg>Login</arg>
<doc>Verifies that the current page title equals ``title``.</doc>
<msg timestamp="20231116 20:53:55.442" level="INFO">Page title is 'Login'.</msg>
<status status="PASS" starttime="20231116 20:53:54.934" endtime="20231116 20:53:55.442"/>
</kw>
<status status="PASS" starttime="20231116 20:53:54.933" endtime="20231116 20:53:55.443"/>
</kw>
<kw name="Set Username">
<arg>jonne</arg>
<kw name="Input Text" library="SeleniumLibrary">
<arg>username</arg>
<arg>${username}</arg>
<doc>Types the given ``text`` into the text field identified by ``locator``.</doc>
<msg timestamp="20231116 20:53:55.445" level="INFO">Typing text 'jonne' into text field 'username'.</msg>
<status status="PASS" starttime="20231116 20:53:55.444" endtime="20231116 20:53:57.023"/>
</kw>
<status status="PASS" starttime="20231116 20:53:55.443" endtime="20231116 20:53:57.023"/>
</kw>
<kw name="Set Password">
<arg>kalle123</arg>
<kw name="Input Password" library="SeleniumLibrary">
<arg>password</arg>
<arg>${password}</arg>
<doc>Types the given password into the text field identified by ``locator``.</doc>
<msg timestamp="20231116 20:53:57.025" level="INFO">Typing password into text field 'password'.</msg>
<msg timestamp="20231116 20:53:58.076" level="INFO">Temporally setting log level to: NONE</msg>
<msg timestamp="20231116 20:53:58.625" level="INFO">Log level changed from NONE to INFO.</msg>
<status status="PASS" starttime="20231116 20:53:57.024" endtime="20231116 20:53:58.625"/>
</kw>
<status status="PASS" starttime="20231116 20:53:57.023" endtime="20231116 20:53:58.625"/>
</kw>
<kw name="Submit Login Credentials">
<kw name="Click Button" library="SeleniumLibrary">
<arg>Login</arg>
<doc>Clicks the button identified by ``locator``.</doc>
<msg timestamp="20231116 20:53:58.627" level="INFO">Clicking button 'Login'.</msg>
<status status="PASS" starttime="20231116 20:53:58.626" endtime="20231116 20:54:00.713"/>
</kw>
<status status="PASS" starttime="20231116 20:53:58.625" endtime="20231116 20:54:00.714"/>
</kw>
<kw name="Main Page Should Be Open" library="resource">
<kw name="Title Should Be" library="SeleniumLibrary">
<arg>Ohtu Application main page</arg>
<doc>Verifies that the current page title equals ``title``.</doc>
<msg timestamp="20231116 20:54:01.224" level="INFO">Page title is 'Ohtu Application main page'.</msg>
<status status="PASS" starttime="20231116 20:54:00.715" endtime="20231116 20:54:01.225"/>
</kw>
<status status="PASS" starttime="20231116 20:54:00.714" endtime="20231116 20:54:01.225"/>
</kw>
<status status="PASS" starttime="20231116 20:53:43.409" endtime="20231116 20:54:01.225"/>
</test>
<test id="s1-s3-t6" name="Login After Failed Registration" line="51">
<kw name="Go To Register Page" library="resource" type="SETUP">
<kw name="Go To" library="SeleniumLibrary">
<arg>${REGISTER_URL}</arg>
<doc>Navigates the current browser window to the provided ``url``.</doc>
<msg timestamp="20231116 20:54:01.227" level="INFO">Opening url 'http://localhost:5001/register'</msg>
<status status="PASS" starttime="20231116 20:54:01.227" endtime="20231116 20:54:01.751"/>
</kw>
<status status="PASS" starttime="20231116 20:54:01.226" endtime="20231116 20:54:01.751"/>
</kw>
<kw name="Set Username">
<arg>failure</arg>
<kw name="Input Text" library="SeleniumLibrary">
<arg>username</arg>
<arg>${username}</arg>
<doc>Types the given ``text`` into the text field identified by ``locator``.</doc>
<msg timestamp="20231116 20:54:01.753" level="INFO">Typing text 'failure' into text field 'username'.</msg>
<status status="PASS" starttime="20231116 20:54:01.752" endtime="20231116 20:54:03.334"/>
</kw>
<status status="PASS" starttime="20231116 20:54:01.751" endtime="20231116 20:54:03.334"/>
</kw>
<kw name="Set Password">
<arg>kalle123</arg>
<kw name="Input Password" library="SeleniumLibrary">
<arg>password</arg>
<arg>${password}</arg>
<doc>Types the given password into the text field identified by ``locator``.</doc>
<msg timestamp="20231116 20:54:03.336" level="INFO">Typing password into text field 'password'.</msg>
<msg timestamp="20231116 20:54:04.380" level="INFO">Temporally setting log level to: NONE</msg>
<msg timestamp="20231116 20:54:04.934" level="INFO">Log level changed from NONE to INFO.</msg>
<status status="PASS" starttime="20231116 20:54:03.335" endtime="20231116 20:54:04.934"/>
</kw>
<status status="PASS" starttime="20231116 20:54:03.334" endtime="20231116 20:54:04.934"/>
</kw>
<kw name="Set Password-confirmation">
<arg>kalle456</arg>
<kw name="Input Password" library="SeleniumLibrary">
<arg>password_confirmation</arg>
<arg>${password_confirmation}</arg>
<doc>Types the given password into the text field identified by ``locator``.</doc>
<msg timestamp="20231116 20:54:04.936" level="INFO">Typing password into text field 'password_confirmation'.</msg>
<msg timestamp="20231116 20:54:05.971" level="INFO">Temporally setting log level to: NONE</msg>
<msg timestamp="20231116 20:54:06.513" level="INFO">Log level changed from NONE to INFO.</msg>
<status status="PASS" starttime="20231116 20:54:04.935" endtime="20231116 20:54:06.513"/>
</kw>
<status status="PASS" starttime="20231116 20:54:04.934" endtime="20231116 20:54:06.513"/>
</kw>
<kw name="Submit Credentials">
<kw name="Click Button" library="SeleniumLibrary">
<arg>Register</arg>
<doc>Clicks the button identified by ``locator``.</doc>
<msg timestamp="20231116 20:54:06.515" level="INFO">Clicking button 'Register'.</msg>
<status status="PASS" starttime="20231116 20:54:06.514" endtime="20231116 20:54:08.588"/>
</kw>
<status status="PASS" starttime="20231116 20:54:06.513" endtime="20231116 20:54:08.588"/>
</kw>
<kw name="Registering Should Fail With Message">
<arg>Passwords do not match</arg>
<kw name="Register Page Should Be Open" library="resource">
<kw name="Title Should Be" library="SeleniumLibrary">
<arg>Register</arg>
<doc>Verifies that the current page title equals ``title``.</doc>
<msg timestamp="20231116 20:54:09.096" level="INFO">Page title is 'Register'.</msg>
<status status="PASS" starttime="20231116 20:54:08.589" endtime="20231116 20:54:09.096"/>
</kw>
<status status="PASS" starttime="20231116 20:54:08.589" endtime="20231116 20:54:09.096"/>
</kw>
<kw name="Page Should Contain" library="SeleniumLibrary">
<arg>${message}</arg>
<doc>Verifies that current page contains ``text``.</doc>
<msg timestamp="20231116 20:54:10.108" level="INFO">Current page contains text 'Passwords do not match'.</msg>
<status status="PASS" starttime="20231116 20:54:09.096" endtime="20231116 20:54:10.108"/>
</kw>
<status status="PASS" starttime="20231116 20:54:08.588" endtime="20231116 20:54:10.108"/>
</kw>
<kw name="Continue To Login">
<kw name="Click Link" library="SeleniumLibrary">
<arg>Login</arg>
<doc>Clicks a link identified by ``locator``.</doc>
<msg timestamp="20231116 20:54:10.110" level="INFO">Clicking link 'Login'.</msg>
<status status="PASS" starttime="20231116 20:54:10.109" endtime="20231116 20:54:11.679"/>
</kw>
<status status="PASS" starttime="20231116 20:54:10.108" endtime="20231116 20:54:11.679"/>
</kw>
<kw name="Set Username">
<arg>failure</arg>
<kw name="Input Text" library="SeleniumLibrary">
<arg>username</arg>
<arg>${username}</arg>
<doc>Types the given ``text`` into the text field identified by ``locator``.</doc>
<msg timestamp="20231116 20:54:11.681" level="INFO">Typing text 'failure' into text field 'username'.</msg>
<status status="PASS" starttime="20231116 20:54:11.680" endtime="20231116 20:54:13.245"/>
</kw>
<status status="PASS" starttime="20231116 20:54:11.679" endtime="20231116 20:54:13.246"/>
</kw>
<kw name="Set Password">
<arg>kalle123</arg>
<kw name="Input Password" library="SeleniumLibrary">
<arg>password</arg>
<arg>${password}</arg>
<doc>Types the given password into the text field identified by ``locator``.</doc>
<msg timestamp="20231116 20:54:13.248" level="INFO">Typing password into text field 'password'.</msg>
<msg timestamp="20231116 20:54:14.297" level="INFO">Temporally setting log level to: NONE</msg>
<msg timestamp="20231116 20:54:14.849" level="INFO">Log level changed from NONE to INFO.</msg>
<status status="PASS" starttime="20231116 20:54:13.247" endtime="20231116 20:54:14.850"/>
</kw>
<status status="PASS" starttime="20231116 20:54:13.246" endtime="20231116 20:54:14.850"/>
</kw>
<kw name="Submit Login Credentials">
<kw name="Click Button" library="SeleniumLibrary">
<arg>Login</arg>
<doc>Clicks the button identified by ``locator``.</doc>
<msg timestamp="20231116 20:54:14.851" level="INFO">Clicking button 'Login'.</msg>
<status status="PASS" starttime="20231116 20:54:14.851" endtime="20231116 20:54:16.915"/>
</kw>
<status status="PASS" starttime="20231116 20:54:14.850" endtime="20231116 20:54:16.915"/>
</kw>
<kw name="Login Should Fail With Message">
<arg>Invalid username or password</arg>
<kw name="Login Page Should Be Open" library="resource">
<kw name="Title Should Be" library="SeleniumLibrary">
<arg>Login</arg>
<doc>Verifies that the current page title equals ``title``.</doc>
<msg timestamp="20231116 20:54:17.419" level="INFO">Page title is 'Login'.</msg>
<status status="PASS" starttime="20231116 20:54:16.916" endtime="20231116 20:54:17.419"/>
</kw>
<status status="PASS" starttime="20231116 20:54:16.916" endtime="20231116 20:54:17.419"/>
</kw>
<kw name="Page Should Contain" library="SeleniumLibrary">
<arg>${message}</arg>
<doc>Verifies that current page contains ``text``.</doc>
<msg timestamp="20231116 20:54:18.439" level="INFO">Current page contains text 'Invalid username or password'.</msg>
<status status="PASS" starttime="20231116 20:54:17.419" endtime="20231116 20:54:18.439"/>
</kw>
<status status="PASS" starttime="20231116 20:54:16.915" endtime="20231116 20:54:18.439"/>
</kw>
<status status="PASS" starttime="20231116 20:54:01.226" endtime="20231116 20:54:18.439"/>
</test>
<kw name="Close Browser" library="SeleniumLibrary" type="TEARDOWN">
<doc>Closes the current browser.</doc>
<status status="PASS" starttime="20231116 20:54:18.440" endtime="20231116 20:54:18.998"/>
</kw>
<status status="PASS" starttime="20231116 20:53:07.248" endtime="20231116 20:54:18.998"/>
</suite>
<status status="PASS" starttime="20231116 20:52:35.115" endtime="20231116 20:54:19.003"/>
</suite>
<statistics>
<total>
<stat pass="11" fail="0" skip="0">All Tests</stat>
</total>
<tag>
</tag>
<suite>
<stat pass="11" fail="0" skip="0" id="s1" name="Tests">Tests</stat>
<stat pass="2" fail="0" skip="0" id="s1-s1" name="Home">Tests.Home</stat>
<stat pass="3" fail="0" skip="0" id="s1-s2" name="Login">Tests.Login</stat>
<stat pass="6" fail="0" skip="0" id="s1-s3" name="Register">Tests.Register</stat>
</suite>
</statistics>
<errors>
</errors>
</robot>
